current directory: C:/Sites/bloccit/ruby/2.3.0/gems/puma-3.11.3/ext/puma_http11
C:/RailsInstaller/Ruby2.3.3/bin/ruby.exe -r ./siteconf20180318-16424-njbf6n.rb extconf.rb
checking for BIO_read() in -lcrypto... no
checking for BIO_read() in -llibeay32... no
creating Makefile

To see why this extension failed to compile, please check the mkmf.log which can be found here:

  C:/Sites/bloccit/ruby/2.3.0/extensions/x86-mingw32/2.3.0/puma-3.11.3/mkmf.log

current directory: C:/Sites/bloccit/ruby/2.3.0/gems/puma-3.11.3/ext/puma_http11
make "DESTDIR=" clean

current directory: C:/Sites/bloccit/ruby/2.3.0/gems/puma-3.11.3/ext/puma_http11
make "DESTDIR="
generating puma_http11-i386-mingw32.def
compiling http11_parser.c
compiling io_buffer.c
compiling mini_ssl.c
compiling puma_http11.c
linking shared-object puma/puma_http11.so

current directory: C:/Sites/bloccit/ruby/2.3.0/gems/puma-3.11.3/ext/puma_http11
make "DESTDIR=" install
/usr/bin/install -c -m 0755 puma_http11.so ./.gem.20180318-16424-17yihq2/puma
